<?xml version="1.0" encoding="UTF-8"?>
<testsuite xmlns:xsi="http://www.w3.org/2001/XMLSchema-instance" xsi:noNamespaceSchemaLocation="https://maven.apache.org/surefire/maven-surefire-plugin/xsd/surefire-test-report-3.0.xsd" version="3.0" name="com.youtube.YouTubeBackendApplicationTests" time="12.304" tests="3" errors="0" skipped="0" failures="0">
  <properties>
[...]
</properties>
  <testcase name="videosEndpointReturnsSeededList" classname="com.youtube.YouTubeBackendApplicationTests" time="1.297">
    <system-out><![CDATA[21:00:03.076 [main] INFO org.springframework.test.context.support.AnnotationConfigContextLoaderUtils -- Could not detect default configuration classes for test class [com.youtube.YouTubeBackendApplicationTests]: YouTubeBackendApplicationTests does not declare any static, non-private, non-final, nested classes annotated with @Configuration.
21:00:03.289 [main] INFO org.springframework.boot.test.context.SpringBootTestContextBootstrapper -- Found @SpringBootConfiguration com.youtube.YouTubeBackendApplication for test class com.youtube.YouTubeBackendApplicationTests
  .   ____          _            __ _ _
 /\\ / ___'_ __ _ _(_)_ __  __ _ \ \ \ \
( ( )\___ | '_ | '_| | '_ \/ _` | \ \ \ \
 \\/  ___)| |_)| | | | | || (_| |  ) ) ) )
  '  |____| .__|_| |_|_| |_\__, | / / / /
 =========|_|==============|___/=/_/_/_/

 :: Spring Boot ::                (v3.3.0)

2026-07-28T21:00:04.306+05:30  INFO 21148 --- [           main] c.y.YouTubeBackendApplicationTests       : Starting YouTubeBackendApplicationTests using Java 21.0.11 with PID 21148 (started by varua in C:\Users\varua\gaurav\CopiesToKnownApps\YouTube\java-backend)
2026-07-28T21:00:04.310+05:30  INFO 21148 --- [           main] c.y.YouTubeBackendApplicationTests       : No active profile set, falling back to 1 default profile: "default"
2026-07-28T21:00:05.745+05:30  INFO 21148 --- [           main] .s.d.r.c.RepositoryConfigurationDelegate : Bootstrapping Spring Data JPA repositories in DEFAULT mode.
2026-07-28T21:00:05.880+05:30  INFO 21148 --- [           main] .s.d.r.c.RepositoryConfigurationDelegate : Finished Spring Data repository scanning in 109 ms. Found 4 JPA repository interfaces.
2026-07-28T21:00:07.498+05:30  INFO 21148 --- [           main] o.s.b.w.embedded.tomcat.TomcatWebServer  : Tomcat initialized with port 0 (http)
2026-07-28T21:00:07.532+05:30  INFO 21148 --- [           main] o.apache.catalina.core.StandardService   : Starting service [Tomcat]
2026-07-28T21:00:07.533+05:30  INFO 21148 --- [           main] o.apache.catalina.core.StandardEngine    : Starting Servlet engine: [Apache Tomcat/10.1.24]
2026-07-28T21:00:07.803+05:30  INFO 21148 --- [           main] o.a.c.c.C.[Tomcat].[localhost].[/]       : Initializing Spring embedded WebApplicationContext
2026-07-28T21:00:07.805+05:30  INFO 21148 --- [           main] w.s.c.ServletWebServerApplicationContext : Root WebApplicationContext: initialization completed in 3450 ms
2026-07-28T21:00:07.955+05:30  INFO 21148 --- [           main] com.zaxxer.hikari.HikariDataSource       : HikariPool-1 - Starting...
2026-07-28T21:00:08.669+05:30  INFO 21148 --- [           main] com.zaxxer.hikari.pool.HikariPool        : HikariPool-1 - Added connection conn0: url=jdbc:h2:mem:youtubedb user=SA
2026-07-28T21:00:08.672+05:30  INFO 21148 --- [           main] com.zaxxer.hikari.HikariDataSource       : HikariPool-1 - Start completed.
2026-07-28T21:00:08.698+05:30  INFO 21148 --- [           main] o.s.b.a.h2.H2ConsoleAutoConfiguration    : H2 console available at '/h2-console'. Database available at 'jdbc:h2:mem:youtubedb'
2026-07-28T21:00:09.004+05:30  INFO 21148 --- [           main] o.hibernate.jpa.internal.util.LogHelper  : HHH000204: Processing PersistenceUnitInfo [name: default]
2026-07-28T21:00:09.157+05:30  INFO 21148 --- [           main] org.hibernate.Version                    : HHH000412: Hibernate ORM core version 6.5.2.Final
2026-07-28T21:00:09.232+05:30  INFO 21148 --- [           main] o.h.c.internal.RegionFactoryInitiator    : HHH000026: Second-level cache disabled
2026-07-28T21:00:09.806+05:30  INFO 21148 --- [           main] o.s.o.j.p.SpringPersistenceUnitInfo      : No LoadTimeWeaver setup: ignoring JPA class transformer
2026-07-28T21:00:09.896+05:30  WARN 21148 --- [           main] org.hibernate.orm.deprecation            : HHH90000025: H2Dialect does not need to be specified explicitly using 'hibernate.dialect' (remove the property setting and it will be selected by default)
2026-07-28T21:00:11.460+05:30  INFO 21148 --- [           main] o.h.e.t.j.p.i.JtaPlatformInitiator       : HHH000489: No JTA platform available (set 'hibernate.transaction.jta.platform' to enable JTA platform integration)
2026-07-28T21:00:11.572+05:30  INFO 21148 --- [           main] j.LocalContainerEntityManagerFactoryBean : Initialized JPA EntityManagerFactory for persistence unit 'default'
2026-07-28T21:00:12.243+05:30  WARN 21148 --- [           main] JpaBaseConfiguration$JpaWebConfiguration : spring.jpa.open-in-view is enabled by default. Therefore, database queries may be performed during view rendering. Explicitly configure spring.jpa.open-in-view to disable this warning
2026-07-28T21:00:12.986+05:30  INFO 21148 --- [           main] o.s.b.w.embedded.tomcat.TomcatWebServer  : Tomcat started on port 55626 (http) with context path '/'
2026-07-28T21:00:12.997+05:30  INFO 21148 --- [           main] c.y.YouTubeBackendApplicationTests       : Started YouTubeBackendApplicationTests in 9.373 seconds (process running for 11.181)
2026-07-28T21:00:14.722+05:30  INFO 21148 --- [o-auto-1-exec-1] o.a.c.c.C.[Tomcat].[localhost].[/]       : Initializing Spring DispatcherServlet 'dispatcherServlet'
2026-07-28T21:00:14.724+05:30  INFO 21148 --- [o-auto-1-exec-1] o.s.web.servlet.DispatcherServlet        : Initializing Servlet 'dispatcherServlet'
2026-07-28T21:00:14.725+05:30  INFO 21148 --- [o-auto-1-exec-1] o.s.web.servlet.DispatcherServlet        : Completed initialization in 1 ms
]]></system-out>
    <system-err><![CDATA[WARNING: A Java agent has been loaded dynamically (C:\Users\varua\.m2\repository\net\bytebuddy\byte-buddy-agent\1.14.16\byte-buddy-agent-1.14.16.jar)
WARNING: If a serviceability tool is in use, please run with -XX:+EnableDynamicAgentLoading to hide this warning
WARNING: If a serviceability tool is not in use, please run with -Djdk.instrument.traceUsage for more information
WARNING: Dynamic loading of agents will be disallowed by default in a future release
]]></system-err>
  </testcase>
  <testcase name="healthEndpointReturnsOk" classname="com.youtube.YouTubeBackendApplicationTests" time="0.028"/>
  <testcase name="contextLoads" classname="com.youtube.YouTubeBackendApplicationTests" time="0.003"/>
</testsuite>