<?xml version="1.0" encoding="UTF-8"?>
<testsuite xmlns:xsi="http://www.w3.org/2001/XMLSchema-instance" xsi:noNamespaceSchemaLocation="https://maven.apache.org/surefire/maven-surefire-plugin/xsd/surefire-test-report-3.0.xsd" version="3.0" name="com.amazon.AmazonBackendApplicationTests" time="12.708" tests="3" errors="0" skipped="0" failures="0">
  <properties>
[...]
</properties>
  <testcase name="productsEndpointReturnsSeededList" classname="com.amazon.AmazonBackendApplicationTests" time="1.304">
    <system-out><![CDATA[22:26:57.564 [main] INFO org.springframework.test.context.support.AnnotationConfigContextLoaderUtils -- Could not detect default configuration classes for test class [com.amazon.AmazonBackendApplicationTests]: AmazonBackendApplicationTests does not declare any static, non-private, non-final, nested classes annotated with @Configuration.
22:26:57.778 [main] INFO org.springframework.boot.test.context.SpringBootTestContextBootstrapper -- Found @SpringBootConfiguration com.amazon.AmazonBackendApplication for test class com.amazon.AmazonBackendApplicationTests
  .   ____          _            __ _ _
 /\\ / ___'_ __ _ _(_)_ __  __ _ \ \ \ \
( ( )\___ | '_ | '_| | '_ \/ _` | \ \ \ \
 \\/  ___)| |_)| | | | | || (_| |  ) ) ) )
  '  |____| .__|_| |_|_| |_\__, | / / / /
 =========|_|==============|___/=/_/_/_/

 :: Spring Boot ::                (v3.3.0)

2026-07-28T22:26:58.594+05:30  INFO 3084 --- [           main] c.amazon.AmazonBackendApplicationTests   : Starting AmazonBackendApplicationTests using Java 21.0.11 with PID 3084 (started by varua in C:\Users\varua\gaurav\CopiesToKnownApps\Amazon\java-backend)
2026-07-28T22:26:58.596+05:30  INFO 3084 --- [           main] c.amazon.AmazonBackendApplicationTests   : No active profile set, falling back to 1 default profile: "default"
2026-07-28T22:27:00.199+05:30  INFO 3084 --- [           main] .s.d.r.c.RepositoryConfigurationDelegate : Bootstrapping Spring Data JPA repositories in DEFAULT mode.
2026-07-28T22:27:00.340+05:30  INFO 3084 --- [           main] .s.d.r.c.RepositoryConfigurationDelegate : Finished Spring Data repository scanning in 119 ms. Found 3 JPA repository interfaces.
2026-07-28T22:27:01.741+05:30  INFO 3084 --- [           main] o.s.b.w.embedded.tomcat.TomcatWebServer  : Tomcat initialized with port 0 (http)
2026-07-28T22:27:01.764+05:30  INFO 3084 --- [           main] o.apache.catalina.core.StandardService   : Starting service [Tomcat]
2026-07-28T22:27:01.765+05:30  INFO 3084 --- [           main] o.apache.catalina.core.StandardEngine    : Starting Servlet engine: [Apache Tomcat/10.1.24]
2026-07-28T22:27:01.890+05:30  INFO 3084 --- [           main] o.a.c.c.C.[Tomcat].[localhost].[/]       : Initializing Spring embedded WebApplicationContext
2026-07-28T22:27:01.892+05:30  INFO 3084 --- [           main] w.s.c.ServletWebServerApplicationContext : Root WebApplicationContext: initialization completed in 3257 ms
2026-07-28T22:27:01.957+05:30  INFO 3084 --- [           main] com.zaxxer.hikari.HikariDataSource       : HikariPool-1 - Starting...
2026-07-28T22:27:02.437+05:30  INFO 3084 --- [           main] com.zaxxer.hikari.pool.HikariPool        : HikariPool-1 - Added connection conn0: url=jdbc:h2:mem:amazondb user=SA
2026-07-28T22:27:02.440+05:30  INFO 3084 --- [           main] com.zaxxer.hikari.HikariDataSource       : HikariPool-1 - Start completed.
2026-07-28T22:27:02.459+05:30  INFO 3084 --- [           main] o.s.b.a.h2.H2ConsoleAutoConfiguration    : H2 console available at '/h2-console'. Database available at 'jdbc:h2:mem:amazondb'
2026-07-28T22:27:02.779+05:30  INFO 3084 --- [           main] o.hibernate.jpa.internal.util.LogHelper  : HHH000204: Processing PersistenceUnitInfo [name: default]
2026-07-28T22:27:02.980+05:30  INFO 3084 --- [           main] org.hibernate.Version                    : HHH000412: Hibernate ORM core version 6.5.2.Final
2026-07-28T22:27:03.089+05:30  INFO 3084 --- [           main] o.h.c.internal.RegionFactoryInitiator    : HHH000026: Second-level cache disabled
2026-07-28T22:27:03.812+05:30  INFO 3084 --- [           main] o.s.o.j.p.SpringPersistenceUnitInfo      : No LoadTimeWeaver setup: ignoring JPA class transformer
2026-07-28T22:27:03.928+05:30  WARN 3084 --- [           main] org.hibernate.orm.deprecation            : HHH90000025: H2Dialect does not need to be specified explicitly using 'hibernate.dialect' (remove the property setting and it will be selected by default)
2026-07-28T22:27:05.626+05:30  INFO 3084 --- [           main] o.h.e.t.j.p.i.JtaPlatformInitiator       : HHH000489: No JTA platform available (set 'hibernate.transaction.jta.platform' to enable JTA platform integration)
2026-07-28T22:27:05.752+05:30  INFO 3084 --- [           main] j.LocalContainerEntityManagerFactoryBean : Initialized JPA EntityManagerFactory for persistence unit 'default'
2026-07-28T22:27:06.661+05:30  WARN 3084 --- [           main] JpaBaseConfiguration$JpaWebConfiguration : spring.jpa.open-in-view is enabled by default. Therefore, database queries may be performed during view rendering. Explicitly configure spring.jpa.open-in-view to disable this warning
2026-07-28T22:27:07.660+05:30  INFO 3084 --- [           main] o.s.b.w.embedded.tomcat.TomcatWebServer  : Tomcat started on port 50402 (http) with context path '/'
2026-07-28T22:27:07.677+05:30  INFO 3084 --- [           main] c.amazon.AmazonBackendApplicationTests   : Started AmazonBackendApplicationTests in 9.624 seconds (process running for 11.688)
2026-07-28T22:27:09.498+05:30  INFO 3084 --- [o-auto-1-exec-1] o.a.c.c.C.[Tomcat].[localhost].[/]       : Initializing Spring DispatcherServlet 'dispatcherServlet'
2026-07-28T22:27:09.498+05:30  INFO 3084 --- [o-auto-1-exec-1] o.s.web.servlet.DispatcherServlet        : Initializing Servlet 'dispatcherServlet'
2026-07-28T22:27:09.500+05:30  INFO 3084 --- [o-auto-1-exec-1] o.s.web.servlet.DispatcherServlet        : Completed initialization in 2 ms
]]></system-out>
    <system-err><![CDATA[WARNING: A Java agent has been loaded dynamically (C:\Users\varua\.m2\repository\net\bytebuddy\byte-buddy-agent\1.14.16\byte-buddy-agent-1.14.16.jar)
WARNING: If a serviceability tool is in use, please run with -XX:+EnableDynamicAgentLoading to hide this warning
WARNING: If a serviceability tool is not in use, please run with -Djdk.instrument.traceUsage for more information
WARNING: Dynamic loading of agents will be disallowed by default in a future release
]]></system-err>
  </testcase>
  <testcase name="healthEndpointReturnsOk" classname="com.amazon.AmazonBackendApplicationTests" time="0.026"/>
  <testcase name="contextLoads" classname="com.amazon.AmazonBackendApplicationTests" time="0.005"/>
</testsuite>